<?xml version="1.0" encoding="UTF-8"?>
<!-- Generated by org.testng.reporters.JUnitXMLReporter -->
<testsuite ignored="5" hostname="LAPTOP-58I4EV1J" failures="2" tests="2" name="Test" time="30.763" errors="0" timestamp="15 Oct 2023 09:12:04 GMT">
  <testcase classname="testcases.session" name="dologin" time="29.261">
    <failure type="java.lang.AssertionError" message="The following asserts failed:
	test is incorrect">
      <![CDATA[java.lang.AssertionError: The following asserts failed:
test is incorrect
at Keywords.Application.assertall(Application.java:58)
at testcases.session.dologin(session.java:25)
... Removed 26 stack frames]]>
    </failure>
  </testcase> <!-- dologin -->
  <testcase classname="testcases.portifolioManagement" name="createportifolio" time="0.003">
    <failure type="java.lang.AssertionError" message="The following asserts failed:
	test is incorrect,
	test  faile">
      <![CDATA[java.lang.AssertionError: The following asserts failed:
test is incorrect,
test  faile
at Keywords.Application.assertall(Application.java:58)
at testcases.portifolioManagement.createportifolio(portifolioManagement.java:15)
... Removed 26 stack frames]]>
    </failure>
  </testcase> <!-- createportifolio -->
  <testcase classname="testcases.portifolioManagement" name="modifyportifolio" time="0.0">
    <ignored/>
  </testcase> <!-- modifyportifolio -->
  <testcase classname="testcases.session" name="dologout" time="0.0">
    <ignored/>
  </testcase> <!-- dologout -->
  <testcase classname="testcases.BaseTest" name="@BeforeTest BeforeTest" time="0.0">
    <ignored/>
  </testcase> <!-- @BeforeTest BeforeTest -->
  <testcase classname="testcases.BaseTest" name="@AfterTest quit" time="0.0">
    <ignored/>
  </testcase> <!-- @AfterTest quit -->
  <testcase classname="testcases.portifolioManagement" name="deletportifolio" time="0.0">
    <ignored/>
  </testcase> <!-- deletportifolio -->
</testsuite> <!-- Test -->
